<?xml version="1.0" encoding="UTF-8"?>
<!-- Generated by org.testng.reporters.JUnitXMLReporter -->
<testsuite hostname="DESKTOP-VEVC5H6" ignored="0" name="Default test" tests="12" failures="0" timestamp="2020-04-27T13:20:01 IST" time="128.204" errors="0">
  <testcase name="LogInPageTest" time="53.294" classname="Package.ClickAndBoom_Administration"/>
  <testcase name="GeofencePageTest" time="5.156" classname="Package.ClickAndBoom_Administration"/>
  <testcase name="HardwareProfilePageTest" time="5.996" classname="Package.ClickAndBoom_Administration"/>
  <testcase name="DVITextMessagesPageTest" time="5.987" classname="Package.ClickAndBoom_Administration"/>
  <testcase name="DVIPhonenumbersPageTest" time="7.802" classname="Package.ClickAndBoom_Administration"/>
  <testcase name="OverdueNotificationPageTest" time="6.095" classname="Package.ClickAndBoom_Administration"/>
  <testcase name="ReportingRegionPageTest" time="6.124" classname="Package.ClickAndBoom_Administration"/>
  <testcase name="SecuritySettingsPageTest" time="6.284" classname="Package.ClickAndBoom_Administration"/>
  <testcase name="AssetEncryptionPageTest" time="6.287" classname="Package.ClickAndBoom_Administration"/>
  <testcase name="FlightFollowingSettingsPageTest" time="6.265" classname="Package.ClickAndBoom_Administration"/>
  <testcase name="VoiceMessagingConfigurationPageTest" time="6.167" classname="Package.ClickAndBoom_Administration"/>
  <testcase name="HodNotificationPageTest" time="6.125" classname="Package.ClickAndBoom_Administration"/>
</testsuite> <!-- Default test -->
