<?xml version="1.0" encoding="UTF-8"?>
<!-- Generated by org.testng.reporters.JUnitXMLReporter -->
<testsuite hostname="DESKTOP-VEVC5H6" ignored="0" name="Default test" tests="10" failures="0" timestamp="2020-04-07T14:51:44 IST" time="123.183" errors="0">
  <testcase name="LogInPageTest" time="28.651" classname="Package.ClickAndBoom"/>
  <testcase name="HomePageTest" time="3.439" classname="Package.ClickAndBoom"/>
  <testcase name="LoadDataPageTest" time="14.409" classname="Package.ClickAndBoom"/>
  <testcase name="SkywebPageTest" time="8.808" classname="Package.ClickAndBoom"/>
  <testcase name="ReloadLink" time="16.98" classname="Package.ClickAndBoom"/>
  <testcase name="AdministraionPageTest" time="8.613" classname="Package.ClickAndBoom"/>
  <testcase name="HardwaremngntPageTest" time="6.953" classname="Package.ClickAndBoom"/>
  <testcase name="ReportsPageTest" time="8.013" classname="Package.ClickAndBoom"/>
  <testcase name="DutyHoursPageTest" time="7.008" classname="Package.ClickAndBoom"/>
  <testcase name="SkytracPageTest" time="14.761" classname="Package.ClickAndBoom"/>
</testsuite> <!-- Default test -->
