<?xml version="1.0" encoding="UTF-8"?>
<!-- Generated by org.testng.reporters.JUnitXMLReporter -->
<testsuite hostname="DESKTOP-VEVC5H6" ignored="0" name="Default test" tests="3" failures="0" timestamp="2020-04-13T16:34:14 IST" time="73.182" errors="0">
  <testcase name="LogInPageTest" time="55.573" classname="Package.ClickAndBoom_Administration"/>
  <testcase name="GeofencePageTest" time="6.283" classname="Package.ClickAndBoom_Administration"/>
  <testcase name="GeoreferencePageTest" time="9.175" classname="Package.ClickAndBoom_Administration"/>
</testsuite> <!-- Default test -->
