<?xml version="1.0" encoding="UTF-8"?>
<testng-results skipped="0" failed="0" ignored="0" total="3" passed="3">
  <reporter-output>
  </reporter-output>
  <suite name="Default suite" duration-ms="73182" started-at="2020-04-13T16:33:01 IST" finished-at="2020-04-13T16:34:14 IST">
    <groups>
    </groups>
    <test name="Default test" duration-ms="73182" started-at="2020-04-13T16:33:01 IST" finished-at="2020-04-13T16:34:14 IST">
      <class name="Package.ClickAndBoom_Administration">
        <test-method status="PASS" signature="startReport()[pri:0, instance:Package.ClickAndBoom_Administration@eec5a4a]" name="startReport" is-config="true" duration-ms="230" started-at="2020-04-13T16:33:01 IST" finished-at="2020-04-13T16:33:01 IST">
          <reporter-output>
          </reporter-output>
        </test-method> <!-- startReport -->
        <test-method status="PASS" signature="LogInPageTest()[pri:1, instance:Package.ClickAndBoom_Administration@eec5a4a]" name="LogInPageTest" duration-ms="55573" started-at="2020-04-13T16:33:01 IST" finished-at="2020-04-13T16:33:57 IST">
          <reporter-output>
          </reporter-output>
        </test-method> <!-- LogInPageTest -->
        <test-method status="PASS" signature="getResult(org.testng.ITestResult)[pri:0, instance:Package.ClickAndBoom_Administration@eec5a4a]" name="getResult" is-config="true" duration-ms="414" started-at="2020-04-13T16:33:57 IST" finished-at="2020-04-13T16:33:57 IST">
          <params>
            <param index="0">
              <value>
                <![CDATA[[TestResult name=LogInPageTest status=SUCCESS method=ClickAndBoom_Administration.LogInPageTest()[pri:1, instance:Package.ClickAndBoom_Administration@eec5a4a] output={null}]]]>
              </value>
            </param>
          </params>
          <reporter-output>
          </reporter-output>
        </test-method> <!-- getResult -->
        <test-method status="PASS" signature="GeofencePageTest()[pri:2, instance:Package.ClickAndBoom_Administration@eec5a4a]" name="GeofencePageTest" duration-ms="6283" started-at="2020-04-13T16:33:57 IST" finished-at="2020-04-13T16:34:03 IST">
          <reporter-output>
          </reporter-output>
        </test-method> <!-- GeofencePageTest -->
        <test-method status="PASS" signature="getResult(org.testng.ITestResult)[pri:0, instance:Package.ClickAndBoom_Administration@eec5a4a]" name="getResult" is-config="true" duration-ms="431" started-at="2020-04-13T16:34:03 IST" finished-at="2020-04-13T16:34:04 IST">
          <params>
            <param index="0">
              <value>
                <![CDATA[[TestResult name=GeofencePageTest status=SUCCESS method=ClickAndBoom_Administration.GeofencePageTest()[pri:2, instance:Package.ClickAndBoom_Administration@eec5a4a] output={null}]]]>
              </value>
            </param>
          </params>
          <reporter-output>
          </reporter-output>
        </test-method> <!-- getResult -->
        <test-method status="PASS" signature="GeoreferencePageTest()[pri:3, instance:Package.ClickAndBoom_Administration@eec5a4a]" name="GeoreferencePageTest" duration-ms="9175" started-at="2020-04-13T16:34:04 IST" finished-at="2020-04-13T16:34:13 IST">
          <reporter-output>
          </reporter-output>
        </test-method> <!-- GeoreferencePageTest -->
        <test-method status="PASS" signature="getResult(org.testng.ITestResult)[pri:0, instance:Package.ClickAndBoom_Administration@eec5a4a]" name="getResult" is-config="true" duration-ms="352" started-at="2020-04-13T16:34:13 IST" finished-at="2020-04-13T16:34:13 IST">
          <params>
            <param index="0">
              <value>
                <![CDATA[[TestResult name=GeoreferencePageTest status=SUCCESS method=ClickAndBoom_Administration.GeoreferencePageTest()[pri:3, instance:Package.ClickAndBoom_Administration@eec5a4a] output={null}]]]>
              </value>
            </param>
          </params>
          <reporter-output>
          </reporter-output>
        </test-method> <!-- getResult -->
        <test-method status="PASS" signature="endtest()[pri:0, instance:Package.ClickAndBoom_Administration@eec5a4a]" name="endtest" is-config="true" duration-ms="662" started-at="2020-04-13T16:34:13 IST" finished-at="2020-04-13T16:34:14 IST">
          <reporter-output>
          </reporter-output>
        </test-method> <!-- endtest -->
      </class> <!-- Package.ClickAndBoom_Administration -->
    </test> <!-- Default test -->
  </suite> <!-- Default suite -->
</testng-results>
