<?xml version="1.0" encoding="UTF-8"?>
<testng-results skipped="0" failed="0" ignored="0" total="10" passed="10">
  <reporter-output>
  </reporter-output>
  <suite name="Default suite" duration-ms="123183" started-at="2020-04-07T14:49:41 IST" finished-at="2020-04-07T14:51:44 IST">
    <groups>
    </groups>
    <test name="Default test" duration-ms="123183" started-at="2020-04-07T14:49:41 IST" finished-at="2020-04-07T14:51:44 IST">
      <class name="Package.ClickAndBoom">
        <test-method status="PASS" signature="startReport()[pri:0, instance:Package.ClickAndBoom@2b2948e2]" name="startReport" is-config="true" duration-ms="187" started-at="2020-04-07T14:49:41 IST" finished-at="2020-04-07T14:49:41 IST">
          <reporter-output>
          </reporter-output>
        </test-method> <!-- startReport -->
        <test-method status="PASS" signature="LogInPageTest()[pri:1, instance:Package.ClickAndBoom@2b2948e2]" name="LogInPageTest" duration-ms="28651" started-at="2020-04-07T14:49:41 IST" finished-at="2020-04-07T14:50:10 IST">
          <reporter-output>
          </reporter-output>
        </test-method> <!-- LogInPageTest -->
        <test-method status="PASS" signature="getResult(org.testng.ITestResult)[pri:0, instance:Package.ClickAndBoom@2b2948e2]" name="getResult" is-config="true" duration-ms="552" started-at="2020-04-07T14:50:10 IST" finished-at="2020-04-07T14:50:10 IST">
          <params>
            <param index="0">
              <value>
                <![CDATA[[TestResult name=LogInPageTest status=SUCCESS method=ClickAndBoom.LogInPageTest()[pri:1, instance:Package.ClickAndBoom@2b2948e2] output={null}]]]>
              </value>
            </param>
          </params>
          <reporter-output>
          </reporter-output>
        </test-method> <!-- getResult -->
        <test-method status="PASS" signature="HomePageTest()[pri:2, instance:Package.ClickAndBoom@2b2948e2]" name="HomePageTest" duration-ms="3439" started-at="2020-04-07T14:50:10 IST" finished-at="2020-04-07T14:50:14 IST">
          <reporter-output>
          </reporter-output>
        </test-method> <!-- HomePageTest -->
        <test-method status="PASS" signature="getResult(org.testng.ITestResult)[pri:0, instance:Package.ClickAndBoom@2b2948e2]" name="getResult" is-config="true" duration-ms="381" started-at="2020-04-07T14:50:14 IST" finished-at="2020-04-07T14:50:14 IST">
          <params>
            <param index="0">
              <value>
                <![CDATA[[TestResult name=HomePageTest status=SUCCESS method=ClickAndBoom.HomePageTest()[pri:2, instance:Package.ClickAndBoom@2b2948e2] output={null}]]]>
              </value>
            </param>
          </params>
          <reporter-output>
          </reporter-output>
        </test-method> <!-- getResult -->
        <test-method status="PASS" signature="LoadDataPageTest()[pri:3, instance:Package.ClickAndBoom@2b2948e2]" name="LoadDataPageTest" duration-ms="14409" started-at="2020-04-07T14:50:14 IST" finished-at="2020-04-07T14:50:28 IST">
          <reporter-output>
          </reporter-output>
        </test-method> <!-- LoadDataPageTest -->
        <test-method status="PASS" signature="getResult(org.testng.ITestResult)[pri:0, instance:Package.ClickAndBoom@2b2948e2]" name="getResult" is-config="true" duration-ms="409" started-at="2020-04-07T14:50:28 IST" finished-at="2020-04-07T14:50:29 IST">
          <params>
            <param index="0">
              <value>
                <![CDATA[[TestResult name=LoadDataPageTest status=SUCCESS method=ClickAndBoom.LoadDataPageTest()[pri:3, instance:Package.ClickAndBoom@2b2948e2] output={null}]]]>
              </value>
            </param>
          </params>
          <reporter-output>
          </reporter-output>
        </test-method> <!-- getResult -->
        <test-method status="PASS" signature="SkywebPageTest()[pri:4, instance:Package.ClickAndBoom@2b2948e2]" name="SkywebPageTest" duration-ms="8808" started-at="2020-04-07T14:50:29 IST" finished-at="2020-04-07T14:50:38 IST">
          <reporter-output>
          </reporter-output>
        </test-method> <!-- SkywebPageTest -->
        <test-method status="PASS" signature="getResult(org.testng.ITestResult)[pri:0, instance:Package.ClickAndBoom@2b2948e2]" name="getResult" is-config="true" duration-ms="435" started-at="2020-04-07T14:50:38 IST" finished-at="2020-04-07T14:50:38 IST">
          <params>
            <param index="0">
              <value>
                <![CDATA[[TestResult name=SkywebPageTest status=SUCCESS method=ClickAndBoom.SkywebPageTest()[pri:4, instance:Package.ClickAndBoom@2b2948e2] output={null}]]]>
              </value>
            </param>
          </params>
          <reporter-output>
          </reporter-output>
        </test-method> <!-- getResult -->
        <test-method status="PASS" signature="ReloadLink()[pri:5, instance:Package.ClickAndBoom@2b2948e2]" name="ReloadLink" duration-ms="16980" started-at="2020-04-07T14:50:38 IST" finished-at="2020-04-07T14:50:55 IST">
          <reporter-output>
          </reporter-output>
        </test-method> <!-- ReloadLink -->
        <test-method status="PASS" signature="getResult(org.testng.ITestResult)[pri:0, instance:Package.ClickAndBoom@2b2948e2]" name="getResult" is-config="true" duration-ms="555" started-at="2020-04-07T14:50:55 IST" finished-at="2020-04-07T14:50:56 IST">
          <params>
            <param index="0">
              <value>
                <![CDATA[[TestResult name=ReloadLink status=SUCCESS method=ClickAndBoom.ReloadLink()[pri:5, instance:Package.ClickAndBoom@2b2948e2] output={null}]]]>
              </value>
            </param>
          </params>
          <reporter-output>
          </reporter-output>
        </test-method> <!-- getResult -->
        <test-method status="PASS" signature="AdministraionPageTest()[pri:6, instance:Package.ClickAndBoom@2b2948e2]" name="AdministraionPageTest" duration-ms="8613" started-at="2020-04-07T14:50:56 IST" finished-at="2020-04-07T14:51:04 IST">
          <reporter-output>
          </reporter-output>
        </test-method> <!-- AdministraionPageTest -->
        <test-method status="PASS" signature="getResult(org.testng.ITestResult)[pri:0, instance:Package.ClickAndBoom@2b2948e2]" name="getResult" is-config="true" duration-ms="374" started-at="2020-04-07T14:51:04 IST" finished-at="2020-04-07T14:51:05 IST">
          <params>
            <param index="0">
              <value>
                <![CDATA[[TestResult name=AdministraionPageTest status=SUCCESS method=ClickAndBoom.AdministraionPageTest()[pri:6, instance:Package.ClickAndBoom@2b2948e2] output={null}]]]>
              </value>
            </param>
          </params>
          <reporter-output>
          </reporter-output>
        </test-method> <!-- getResult -->
        <test-method status="PASS" signature="HardwaremngntPageTest()[pri:7, instance:Package.ClickAndBoom@2b2948e2]" name="HardwaremngntPageTest" duration-ms="6953" started-at="2020-04-07T14:51:05 IST" finished-at="2020-04-07T14:51:11 IST">
          <reporter-output>
          </reporter-output>
        </test-method> <!-- HardwaremngntPageTest -->
        <test-method status="PASS" signature="getResult(org.testng.ITestResult)[pri:0, instance:Package.ClickAndBoom@2b2948e2]" name="getResult" is-config="true" duration-ms="388" started-at="2020-04-07T14:51:11 IST" finished-at="2020-04-07T14:51:12 IST">
          <params>
            <param index="0">
              <value>
                <![CDATA[[TestResult name=HardwaremngntPageTest status=SUCCESS method=ClickAndBoom.HardwaremngntPageTest()[pri:7, instance:Package.ClickAndBoom@2b2948e2] output={null}]]]>
              </value>
            </param>
          </params>
          <reporter-output>
          </reporter-output>
        </test-method> <!-- getResult -->
        <test-method status="PASS" signature="ReportsPageTest()[pri:8, instance:Package.ClickAndBoom@2b2948e2]" name="ReportsPageTest" duration-ms="8013" started-at="2020-04-07T14:51:12 IST" finished-at="2020-04-07T14:51:20 IST">
          <reporter-output>
          </reporter-output>
        </test-method> <!-- ReportsPageTest -->
        <test-method status="PASS" signature="getResult(org.testng.ITestResult)[pri:0, instance:Package.ClickAndBoom@2b2948e2]" name="getResult" is-config="true" duration-ms="394" started-at="2020-04-07T14:51:20 IST" finished-at="2020-04-07T14:51:20 IST">
          <params>
            <param index="0">
              <value>
                <![CDATA[[TestResult name=ReportsPageTest status=SUCCESS method=ClickAndBoom.ReportsPageTest()[pri:8, instance:Package.ClickAndBoom@2b2948e2] output={null}]]]>
              </value>
            </param>
          </params>
          <reporter-output>
          </reporter-output>
        </test-method> <!-- getResult -->
        <test-method status="PASS" signature="DutyHoursPageTest()[pri:9, instance:Package.ClickAndBoom@2b2948e2]" name="DutyHoursPageTest" duration-ms="7008" started-at="2020-04-07T14:51:20 IST" finished-at="2020-04-07T14:51:27 IST">
          <reporter-output>
          </reporter-output>
        </test-method> <!-- DutyHoursPageTest -->
        <test-method status="PASS" signature="getResult(org.testng.ITestResult)[pri:0, instance:Package.ClickAndBoom@2b2948e2]" name="getResult" is-config="true" duration-ms="365" started-at="2020-04-07T14:51:27 IST" finished-at="2020-04-07T14:51:28 IST">
          <params>
            <param index="0">
              <value>
                <![CDATA[[TestResult name=DutyHoursPageTest status=SUCCESS method=ClickAndBoom.DutyHoursPageTest()[pri:9, instance:Package.ClickAndBoom@2b2948e2] output={null}]]]>
              </value>
            </param>
          </params>
          <reporter-output>
          </reporter-output>
        </test-method> <!-- getResult -->
        <test-method status="PASS" signature="SkytracPageTest()[pri:10, instance:Package.ClickAndBoom@2b2948e2]" name="SkytracPageTest" duration-ms="14761" started-at="2020-04-07T14:51:28 IST" finished-at="2020-04-07T14:51:42 IST">
          <reporter-output>
          </reporter-output>
        </test-method> <!-- SkytracPageTest -->
        <test-method status="PASS" signature="getResult(org.testng.ITestResult)[pri:0, instance:Package.ClickAndBoom@2b2948e2]" name="getResult" is-config="true" duration-ms="624" started-at="2020-04-07T14:51:42 IST" finished-at="2020-04-07T14:51:43 IST">
          <params>
            <param index="0">
              <value>
                <![CDATA[[TestResult name=SkytracPageTest status=SUCCESS method=ClickAndBoom.SkytracPageTest()[pri:10, instance:Package.ClickAndBoom@2b2948e2] output={null}]]]>
              </value>
            </param>
          </params>
          <reporter-output>
          </reporter-output>
        </test-method> <!-- getResult -->
        <test-method status="PASS" signature="endtest()[pri:0, instance:Package.ClickAndBoom@2b2948e2]" name="endtest" is-config="true" duration-ms="792" started-at="2020-04-07T14:51:43 IST" finished-at="2020-04-07T14:51:44 IST">
          <reporter-output>
          </reporter-output>
        </test-method> <!-- endtest -->
      </class> <!-- Package.ClickAndBoom -->
    </test> <!-- Default test -->
  </suite> <!-- Default suite -->
</testng-results>
